<?xml version="1.0" encoding="UTF-8"?>
<!-- Generated by org.testng.reporters.JUnitXMLReporter -->
<testsuite ignored="0" hostname="SDS-SARATH-KJ-MAC.Dlink" failures="0" tests="2" name="Default test" time="5.346" errors="0" timestamp="30 Dec 2019 10:48:43 GMT">
  <testcase classname="com.qube.postoffice.api.testcases.SearchByInValidBranchName" name="searchWithInValidPINCodeTest" time="3.111"/>
  <testcase classname="com.qube.postoffice.api.testcases.SearchByInValidBranchName" name="searchWithInValidPINCodeTest" time="1.618"/>
</testsuite> <!-- Default test -->
