<?xml version="1.0" encoding="UTF-8"?>
<!-- Generated by org.testng.reporters.JUnitXMLReporter -->
<testsuite ignored="0" hostname="SDS-SARATH-KJ-MAC.Dlink" failures="0" tests="9" name="Test" time="16.455" errors="0" timestamp="30 Dec 2019 10:52:25 GMT">
  <testcase classname="com.qube.postoffice.api.testcases.SearchByValidPINCode" name="searchWithValidPINCodeTest" time="3.396"/>
  <testcase classname="com.qube.postoffice.api.testcases.SearchByValidPINCode" name="searchWithValidPINCodeTest" time="1.513"/>
  <testcase classname="com.qube.postoffice.api.testcases.SearchByInValidPINCode" name="searchWithInValidPINCodeTest" time="1.464"/>
  <testcase classname="com.qube.postoffice.api.testcases.SearchByInValidPINCode" name="searchWithInValidPINCodeTest" time="1.428"/>
  <testcase classname="com.qube.postoffice.api.testcases.SearchByInValidPINCode" name="searchWithInValidPINCodeTest" time="1.578"/>
  <testcase classname="com.qube.postoffice.api.testcases.SearchByValidBranchName" name="searchWithValidBranchTest" time="1.688"/>
  <testcase classname="com.qube.postoffice.api.testcases.SearchByValidBranchName" name="searchWithValidBranchTest" time="1.575"/>
  <testcase classname="com.qube.postoffice.api.testcases.SearchByInValidBranchName" name="searchWithInValidPINCodeTest" time="1.584"/>
  <testcase classname="com.qube.postoffice.api.testcases.SearchByInValidBranchName" name="searchWithInValidPINCodeTest" time="1.54"/>
</testsuite> <!-- Test -->
