<?xml version="1.0" encoding="UTF-8"?>
<!-- Generated by org.testng.reporters.JUnitXMLReporter -->
<testsuite ignored="0" hostname="SDS-SARATH-KJ-MAC.Dlink" failures="0" tests="9" name="Test" time="16.21" errors="0" timestamp="30 Dec 2019 10:56:11 GMT">
  <testcase classname="com.qube.postoffice.api.testcases.SearchByValidPINCode" name="searchWithValidPINCodeTest" time="3.589"/>
  <testcase classname="com.qube.postoffice.api.testcases.SearchByValidPINCode" name="searchWithValidPINCodeTest" time="1.541"/>
  <testcase classname="com.qube.postoffice.api.testcases.SearchByInValidPINCode" name="searchWithInValidPINCodeTest" time="1.604"/>
  <testcase classname="com.qube.postoffice.api.testcases.SearchByInValidPINCode" name="searchWithInValidPINCodeTest" time="1.537"/>
  <testcase classname="com.qube.postoffice.api.testcases.SearchByInValidPINCode" name="searchWithInValidPINCodeTest" time="1.504"/>
  <testcase classname="com.qube.postoffice.api.testcases.SearchByValidBranchName" name="searchWithValidBranchTest" time="1.542"/>
  <testcase classname="com.qube.postoffice.api.testcases.SearchByValidBranchName" name="searchWithValidBranchTest" time="1.405"/>
  <testcase classname="com.qube.postoffice.api.testcases.SearchByInValidBranchName" name="searchWithInValidPINCodeTest" time="1.343"/>
  <testcase classname="com.qube.postoffice.api.testcases.SearchByInValidBranchName" name="searchWithInValidPINCodeTest" time="1.331"/>
</testsuite> <!-- Test -->
