<?xml version="1.0" encoding="UTF-8"?>
<testsuite xmlns:xsi="http://www.w3.org/2001/XMLSchema-instance" xsi:noNamespaceSchemaLocation="https://maven.apache.org/surefire/maven-surefire-plugin/xsd/surefire-test-report-3.0.xsd" version="3.0" name="TestSuite" time="16.551" tests="9" errors="0" skipped="0" failures="0">
  <properties>
[...]
</properties>
  <testcase name="searchWithValidPINCodeTest" classname="com.qube.postoffice.api.testcases.SearchByValidPINCode" time="3.589"/>
  <testcase name="searchWithValidPINCodeTest" classname="com.qube.postoffice.api.testcases.SearchByValidPINCode" time="1.541"/>
  <testcase name="searchWithInValidPINCodeTest" classname="com.qube.postoffice.api.testcases.SearchByInValidPINCode" time="1.605"/>
  <testcase name="searchWithInValidPINCodeTest" classname="com.qube.postoffice.api.testcases.SearchByInValidPINCode" time="1.537"/>
  <testcase name="searchWithInValidPINCodeTest" classname="com.qube.postoffice.api.testcases.SearchByInValidPINCode" time="1.504"/>
  <testcase name="searchWithValidBranchTest" classname="com.qube.postoffice.api.testcases.SearchByValidBranchName" time="1.541"/>
  <testcase name="searchWithValidBranchTest" classname="com.qube.postoffice.api.testcases.SearchByValidBranchName" time="1.406"/>
  <testcase name="searchWithInValidPINCodeTest" classname="com.qube.postoffice.api.testcases.SearchByInValidBranchName" time="1.342"/>
  <testcase name="searchWithInValidPINCodeTest" classname="com.qube.postoffice.api.testcases.SearchByInValidBranchName" time="1.332"/>
</testsuite>