<?xml version="1.0" encoding="UTF-8"?>
<testng-results ignored="0" total="9" passed="9" failed="0" skipped="0">
  <reporter-output>
  </reporter-output>
  <suite started-at="2019-12-30T10:52:09Z" name="Suite" finished-at="2019-12-30T10:52:25Z" duration-ms="16455">
    <groups>
    </groups>
    <test started-at="2019-12-30T10:52:09Z" name="Test" finished-at="2019-12-30T10:52:25Z" duration-ms="16455">
      <class name="com.qube.postoffice.api.testcases.SearchByValidBranchName">
        <test-method signature="searchWithValidBranchTest(java.lang.String, java.lang.String, java.lang.String, java.lang.String, java.lang.String, java.lang.String, java.lang.String, java.lang.String, java.lang.String, java.lang.String)[pri:0, instance:com.qube.postoffice.api.testcases.SearchByValidBranchName@32910148]" started-at="2019-12-30T16:22:19Z" name="searchWithValidBranchTest" data-provider="getData" finished-at="2019-12-30T16:22:20Z" duration-ms="1688" status="PASS">
          <params>
            <param index="0">
              <value>
                <![CDATA[Vepery]]>
              </value>
            </param>
            <param index="1">
              <value>
                <![CDATA[Sub Post Office]]>
              </value>
            </param>
            <param index="2">
              <value>
                <![CDATA[Delivery]]>
              </value>
            </param>
            <param index="3">
              <value>
                <![CDATA[Tamilnadu]]>
              </value>
            </param>
            <param index="4">
              <value>
                <![CDATA[Chennai]]>
              </value>
            </param>
            <param index="5">
              <value>
                <![CDATA[Chennai City North]]>
              </value>
            </param>
            <param index="6">
              <value>
                <![CDATA[Chennai Region]]>
              </value>
            </param>
            <param index="7">
              <value>
                <![CDATA[Tamil Nadu]]>
              </value>
            </param>
            <param index="8">
              <value>
                <![CDATA[India]]>
              </value>
            </param>
            <param index="9">
              <value>
                <![CDATA[600007]]>
              </value>
            </param>
          </params>
          <reporter-output>
          </reporter-output>
        </test-method> <!-- searchWithValidBranchTest -->
        <test-method signature="searchWithValidBranchTest(java.lang.String, java.lang.String, java.lang.String, java.lang.String, java.lang.String, java.lang.String, java.lang.String, java.lang.String, java.lang.String, java.lang.String)[pri:0, instance:com.qube.postoffice.api.testcases.SearchByValidBranchName@32910148]" started-at="2019-12-30T16:22:20Z" name="searchWithValidBranchTest" data-provider="getData" finished-at="2019-12-30T16:22:22Z" duration-ms="1575" status="PASS">
          <params>
            <param index="0">
              <value>
                <![CDATA[Fort St George]]>
              </value>
            </param>
            <param index="1">
              <value>
                <![CDATA[Sub Post Office]]>
              </value>
            </param>
            <param index="2">
              <value>
                <![CDATA[Delivery]]>
              </value>
            </param>
            <param index="3">
              <value>
                <![CDATA[Tamilnadu]]>
              </value>
            </param>
            <param index="4">
              <value>
                <![CDATA[Chennai]]>
              </value>
            </param>
            <param index="5">
              <value>
                <![CDATA[Chennai City North]]>
              </value>
            </param>
            <param index="6">
              <value>
                <![CDATA[Chennai Region]]>
              </value>
            </param>
            <param index="7">
              <value>
                <![CDATA[Tamil Nadu]]>
              </value>
            </param>
            <param index="8">
              <value>
                <![CDATA[India]]>
              </value>
            </param>
            <param index="9">
              <value>
                <![CDATA[600009]]>
              </value>
            </param>
          </params>
          <reporter-output>
          </reporter-output>
        </test-method> <!-- searchWithValidBranchTest -->
      </class> <!-- com.qube.postoffice.api.testcases.SearchByValidBranchName -->
      <class name="com.qube.postoffice.api.testcases.SearchByValidPINCode">
        <test-method signature="searchWithValidPINCodeTest(java.lang.String, java.lang.String, java.lang.String, java.lang.String, java.lang.String, java.lang.String, java.lang.String, java.lang.String, java.lang.String, java.lang.String, java.lang.String)[pri:0, instance:com.qube.postoffice.api.testcases.SearchByValidPINCode@394a2528]" started-at="2019-12-30T16:22:09Z" name="searchWithValidPINCodeTest" data-provider="getData" finished-at="2019-12-30T16:22:13Z" duration-ms="3396" status="PASS">
          <params>
            <param index="0">
              <value>
                <![CDATA[600007]]>
              </value>
            </param>
            <param index="1">
              <value>
                <![CDATA[Vepery]]>
              </value>
            </param>
            <param index="2">
              <value>
                <![CDATA[Sub Post Office]]>
              </value>
            </param>
            <param index="3">
              <value>
                <![CDATA[Delivery]]>
              </value>
            </param>
            <param index="4">
              <value>
                <![CDATA[Tamilnadu]]>
              </value>
            </param>
            <param index="5">
              <value>
                <![CDATA[Chennai]]>
              </value>
            </param>
            <param index="6">
              <value>
                <![CDATA[Chennai City North]]>
              </value>
            </param>
            <param index="7">
              <value>
                <![CDATA[Chennai Region]]>
              </value>
            </param>
            <param index="8">
              <value>
                <![CDATA[Perambur Purasawalkam]]>
              </value>
            </param>
            <param index="9">
              <value>
                <![CDATA[Tamil Nadu]]>
              </value>
            </param>
            <param index="10">
              <value>
                <![CDATA[India]]>
              </value>
            </param>
          </params>
          <reporter-output>
          </reporter-output>
        </test-method> <!-- searchWithValidPINCodeTest -->
        <test-method signature="searchWithValidPINCodeTest(java.lang.String, java.lang.String, java.lang.String, java.lang.String, java.lang.String, java.lang.String, java.lang.String, java.lang.String, java.lang.String, java.lang.String, java.lang.String)[pri:0, instance:com.qube.postoffice.api.testcases.SearchByValidPINCode@394a2528]" started-at="2019-12-30T16:22:13Z" name="searchWithValidPINCodeTest" data-provider="getData" finished-at="2019-12-30T16:22:14Z" duration-ms="1513" status="PASS">
          <params>
            <param index="0">
              <value>
                <![CDATA[600009]]>
              </value>
            </param>
            <param index="1">
              <value>
                <![CDATA[Fort St George]]>
              </value>
            </param>
            <param index="2">
              <value>
                <![CDATA[Sub Post Office]]>
              </value>
            </param>
            <param index="3">
              <value>
                <![CDATA[Delivery]]>
              </value>
            </param>
            <param index="4">
              <value>
                <![CDATA[Tamilnadu]]>
              </value>
            </param>
            <param index="5">
              <value>
                <![CDATA[Chennai]]>
              </value>
            </param>
            <param index="6">
              <value>
                <![CDATA[Chennai City North]]>
              </value>
            </param>
            <param index="7">
              <value>
                <![CDATA[Chennai Region]]>
              </value>
            </param>
            <param index="8">
              <value>
                <![CDATA[Tondiarpet Fort St George]]>
              </value>
            </param>
            <param index="9">
              <value>
                <![CDATA[Tamil Nadu]]>
              </value>
            </param>
            <param index="10">
              <value>
                <![CDATA[India]]>
              </value>
            </param>
          </params>
          <reporter-output>
          </reporter-output>
        </test-method> <!-- searchWithValidPINCodeTest -->
      </class> <!-- com.qube.postoffice.api.testcases.SearchByValidPINCode -->
      <class name="com.qube.postoffice.api.testcases.SearchByInValidBranchName">
        <test-method signature="searchWithInValidPINCodeTest(java.lang.String, java.lang.String, java.lang.String)[pri:0, instance:com.qube.postoffice.api.testcases.SearchByInValidBranchName@3f56875e]" started-at="2019-12-30T16:22:22Z" name="searchWithInValidPINCodeTest" data-provider="getData" finished-at="2019-12-30T16:22:24Z" duration-ms="1584" status="PASS">
          <params>
            <param index="0">
              <value>
                <![CDATA[FlowerBazaar]]>
              </value>
            </param>
            <param index="1">
              <value>
                <![CDATA[Error]]>
              </value>
            </param>
            <param index="2">
              <value>
                <![CDATA[No records found]]>
              </value>
            </param>
          </params>
          <reporter-output>
          </reporter-output>
        </test-method> <!-- searchWithInValidPINCodeTest -->
        <test-method signature="searchWithInValidPINCodeTest(java.lang.String, java.lang.String, java.lang.String)[pri:0, instance:com.qube.postoffice.api.testcases.SearchByInValidBranchName@3f56875e]" started-at="2019-12-30T16:22:24Z" name="searchWithInValidPINCodeTest" data-provider="getData" finished-at="2019-12-30T16:22:25Z" duration-ms="1540" status="PASS">
          <params>
            <param index="0">
              <value>
                <![CDATA[600001]]>
              </value>
            </param>
            <param index="1">
              <value>
                <![CDATA[Error]]>
              </value>
            </param>
            <param index="2">
              <value>
                <![CDATA[No records found]]>
              </value>
            </param>
          </params>
          <reporter-output>
          </reporter-output>
        </test-method> <!-- searchWithInValidPINCodeTest -->
      </class> <!-- com.qube.postoffice.api.testcases.SearchByInValidBranchName -->
      <class name="com.qube.postoffice.api.testcases.SearchByInValidPINCode">
        <test-method signature="searchWithInValidPINCodeTest(java.lang.String, java.lang.String, java.lang.String)[pri:0, instance:com.qube.postoffice.api.testcases.SearchByInValidPINCode@672872e1]" started-at="2019-12-30T16:22:14Z" name="searchWithInValidPINCodeTest" data-provider="getData" finished-at="2019-12-30T16:22:16Z" duration-ms="1464" status="PASS">
          <params>
            <param index="0">
              <value>
                <![CDATA[0]]>
              </value>
            </param>
            <param index="1">
              <value>
                <![CDATA[Error]]>
              </value>
            </param>
            <param index="2">
              <value>
                <![CDATA[No records found]]>
              </value>
            </param>
          </params>
          <reporter-output>
          </reporter-output>
        </test-method> <!-- searchWithInValidPINCodeTest -->
        <test-method signature="searchWithInValidPINCodeTest(java.lang.String, java.lang.String, java.lang.String)[pri:0, instance:com.qube.postoffice.api.testcases.SearchByInValidPINCode@672872e1]" started-at="2019-12-30T16:22:16Z" name="searchWithInValidPINCodeTest" data-provider="getData" finished-at="2019-12-30T16:22:17Z" duration-ms="1428" status="PASS">
          <params>
            <param index="0">
              <value>
                <![CDATA[60062]]>
              </value>
            </param>
            <param index="1">
              <value>
                <![CDATA[Error]]>
              </value>
            </param>
            <param index="2">
              <value>
                <![CDATA[No records found]]>
              </value>
            </param>
          </params>
          <reporter-output>
          </reporter-output>
        </test-method> <!-- searchWithInValidPINCodeTest -->
        <test-method signature="searchWithInValidPINCodeTest(java.lang.String, java.lang.String, java.lang.String)[pri:0, instance:com.qube.postoffice.api.testcases.SearchByInValidPINCode@672872e1]" started-at="2019-12-30T16:22:17Z" name="searchWithInValidPINCodeTest" data-provider="getData" finished-at="2019-12-30T16:22:19Z" duration-ms="1578" status="PASS">
          <params>
            <param index="0">
              <value>
                <![CDATA[6]]>
              </value>
            </param>
            <param index="1">
              <value>
                <![CDATA[Error]]>
              </value>
            </param>
            <param index="2">
              <value>
                <![CDATA[No records found]]>
              </value>
            </param>
          </params>
          <reporter-output>
          </reporter-output>
        </test-method> <!-- searchWithInValidPINCodeTest -->
      </class> <!-- com.qube.postoffice.api.testcases.SearchByInValidPINCode -->
    </test> <!-- Test -->
  </suite> <!-- Suite -->
</testng-results>
